2026-05-15T08:21:17.211-03:00  INFO 41295 --- [lance_bovino] [restartedMain] c.e.l.LanceBovinoApplication             : Starting LanceBovinoApplication using Java 25.0.2 with PID 41295 (/home/miguelm/Documentos/lance bovino/lance_bovino/lance_bovino/target/classes started by miguelm in /home/miguelm/Documentos/lance bovino/lance_bovino/lance_bovino)
2026-05-15T08:21:17.216-03:00  INFO 41295 --- [lance_bovino] [restartedMain] c.e.l.LanceBovinoApplication             : The following 1 profile is active: "dev"
2026-05-15T08:21:17.384-03:00  INFO 41295 --- [lance_bovino] [restartedMain] .e.DevToolsPropertyDefaultsPostProcessor : Devtools property defaults active! Set 'spring.devtools.add-properties' to 'false' to disable
2026-05-15T08:21:17.384-03:00  INFO 41295 --- [lance_bovino] [restartedMain] .e.DevToolsPropertyDefaultsPostProcessor : For additional web related logging consider setting the 'logging.level.web' property to 'DEBUG'
2026-05-15T08:21:17.870-03:00  INFO 41295 --- [lance_bovino] [restartedMain] .s.d.r.c.RepositoryConfigurationDelegate : Bootstrapping Spring Data JPA repositories in DEFAULT mode.
2026-05-15T08:21:17.890-03:00  INFO 41295 --- [lance_bovino] [restartedMain] .s.d.r.c.RepositoryConfigurationDelegate : Finished Spring Data repository scanning in 14 ms. Found 0 JPA repository interfaces.
2026-05-15T08:21:18.279-03:00  INFO 41295 --- [lance_bovino] [restartedMain] o.s.b.t.TomcatWebServer                  : Tomcat initialized with port 8080 (http)
2026-05-15T08:21:18.290-03:00  INFO 41295 --- [lance_bovino] [restartedMain] o.a.c.c.StandardService                  : Starting service [Tomcat]
2026-05-15T08:21:18.290-03:00  INFO 41295 --- [lance_bovino] [restartedMain] o.a.c.c.StandardEngine                   : Starting Servlet engine: [Apache Tomcat/11.0.21]
2026-05-15T08:21:18.335-03:00  INFO 41295 --- [lance_bovino] [restartedMain] b.w.c.s.WebApplicationContextInitializer : Root WebApplicationContext: initialization completed in 950 ms
2026-05-15T08:21:18.607-03:00  INFO 41295 --- [lance_bovino] [restartedMain] c.z.h.HikariDataSource                   : HikariPool-1 - Starting...
2026-05-15T08:21:18.722-03:00  INFO 41295 --- [lance_bovino] [restartedMain] c.z.h.p.HikariPool                       : HikariPool-1 - Added connection org.postgresql.jdbc.PgConnection@797a2cba
2026-05-15T08:21:18.723-03:00  INFO 41295 --- [lance_bovino] [restartedMain] c.z.h.HikariDataSource                   : HikariPool-1 - Start completed.
2026-05-15T08:21:18.747-03:00  INFO 41295 --- [lance_bovino] [restartedMain] o.f.c.FlywayExecutor                     : Database: jdbc:postgresql://localhost:5432/lance_bovino (PostgreSQL 18.3)
2026-05-15T08:21:18.771-03:00  INFO 41295 --- [lance_bovino] [restartedMain] o.f.c.i.s.JdbcTableSchemaHistory         : Schema history table "public"."flyway_schema_history" does not exist yet
2026-05-15T08:21:18.773-03:00  INFO 41295 --- [lance_bovino] [restartedMain] o.f.c.i.c.DbValidate                     : Successfully validated 0 migrations (execution time 00:00.008s)
2026-05-15T08:21:18.773-03:00  WARN 41295 --- [lance_bovino] [restartedMain] o.f.c.i.c.DbValidate                     : No migrations found. Are your locations set up correctly?
2026-05-15T08:21:18.785-03:00  INFO 41295 --- [lance_bovino] [restartedMain] o.f.c.i.s.JdbcTableSchemaHistory         : Creating Schema History table "public"."flyway_schema_history" ...
2026-05-15T08:21:27.921-03:00  WARN 41295 --- [lance_bovino] [restartedMain] ConfigServletWebServerApplicationContext : Exception encountered during context initialization - cancelling refresh attempt: org.springframework.beans.factory.BeanCreationException: Error creating bean with name 'entityManagerFactory' defined in class path resource [org/springframework/boot/hibernate/autoconfigure/HibernateJpaConfiguration.class]: Failed to initialize dependency 'flywayInitializer' of LoadTimeWeaverAware bean 'entityManagerFactory': Error creating bean with name 'flywayInitializer' defined in class path resource [org/springframework/boot/flyway/autoconfigure/FlywayAutoConfiguration$FlywayConfiguration.class]: Failed to execute script 
-------------------------
SQL State  : 42501
Error Code : 0
Message    : ERRO: permissão negada para esquema public
  Posição: 14
Location   :  ()
Line       : 1
Statement  : Run Flyway with -X option to see the actual statement causing the problem

2026-05-15T08:21:27.924-03:00  INFO 41295 --- [lance_bovino] [restartedMain] c.z.h.HikariDataSource                   : HikariPool-1 - Shutdown initiated...
2026-05-15T08:21:27.933-03:00  INFO 41295 --- [lance_bovino] [restartedMain] c.z.h.HikariDataSource                   : HikariPool-1 - Shutdown completed.
2026-05-15T08:21:27.944-03:00  INFO 41295 --- [lance_bovino] [restartedMain] o.a.c.c.StandardService                  : Stopping service [Tomcat]
2026-05-15T08:21:27.957-03:00  INFO 41295 --- [lance_bovino] [restartedMain] .s.b.a.l.ConditionEvaluationReportLogger : 

Error starting ApplicationContext. To display the condition evaluation report re-run your application with 'debug' enabled.
2026-05-15T08:21:27.969-03:00 ERROR 41295 --- [lance_bovino] [restartedMain] o.s.b.SpringApplication                  : Application run failed

org.springframework.beans.factory.BeanCreationException: Error creating bean with name 'entityManagerFactory' defined in class path resource [org/springframework/boot/hibernate/autoconfigure/HibernateJpaConfiguration.class]: Failed to initialize dependency 'flywayInitializer' of LoadTimeWeaverAware bean 'entityManagerFactory': Error creating bean with name 'flywayInitializer' defined in class path resource [org/springframework/boot/flyway/autoconfigure/FlywayAutoConfiguration$FlywayConfiguration.class]: Failed to execute script 
-------------------------
SQL State  : 42501
Error Code : 0
Message    : ERRO: permissão negada para esquema public
  Posição: 14
Location   :  ()
Line       : 1
Statement  : Run Flyway with -X option to see the actual statement causing the problem

	at org.springframework.beans.factory.support.AbstractBeanFactory.doGetBean(AbstractBeanFactory.java:322) ~[spring-beans-7.0.7.jar:7.0.7]
	at org.springframework.beans.factory.support.AbstractBeanFactory.getBean(AbstractBeanFactory.java:201) ~[spring-beans-7.0.7.jar:7.0.7]
	at org.springframework.context.support.AbstractApplicationContext.finishBeanFactoryInitialization(AbstractApplicationContext.java:977) ~[spring-context-7.0.7.jar:7.0.7]
	at org.springframework.context.support.AbstractApplicationContext.refresh(AbstractApplicationContext.java:621) ~[spring-context-7.0.7.jar:7.0.7]
	at org.springframework.boot.web.server.servlet.context.ServletWebServerApplicationContext.refresh(ServletWebServerApplicationContext.java:143) ~[spring-boot-web-server-4.0.6.jar:4.0.6]
	at org.springframework.boot.SpringApplication.refresh(SpringApplication.java:756) ~[spring-boot-4.0.6.jar:4.0.6]
	at org.springframework.boot.SpringApplication.refreshContext(SpringApplication.java:445) ~[spring-boot-4.0.6.jar:4.0.6]
	at org.springframework.boot.SpringApplication.run(SpringApplication.java:321) ~[spring-boot-4.0.6.jar:4.0.6]
	at org.springframework.boot.SpringApplication.run(SpringApplication.java:1365) ~[spring-boot-4.0.6.jar:4.0.6]
	at org.springframework.boot.SpringApplication.run(SpringApplication.java:1354) ~[spring-boot-4.0.6.jar:4.0.6]
	at com.example.lance_bovino.LanceBovinoApplication.main(LanceBovinoApplication.java:10) ~[classes/:?]
	at java.base/jdk.internal.reflect.DirectMethodHandleAccessor.invoke(DirectMethodHandleAccessor.java:104) ~[?:?]
	at java.base/java.lang.reflect.Method.invoke(Method.java:565) ~[?:?]
	at org.springframework.boot.devtools.restart.RestartLauncher.run(RestartLauncher.java:52) ~[spring-boot-devtools-4.0.6.jar:4.0.6]
Caused by: org.springframework.beans.factory.BeanCreationException: Error creating bean with name 'flywayInitializer' defined in class path resource [org/springframework/boot/flyway/autoconfigure/FlywayAutoConfiguration$FlywayConfiguration.class]: Failed to execute script 
-------------------------
SQL State  : 42501
Error Code : 0
Message    : ERRO: permissão negada para esquema public
  Posição: 14
Location   :  ()
Line       : 1
Statement  : Run Flyway with -X option to see the actual statement causing the problem

	at org.springframework.beans.factory.support.AbstractAutowireCapableBeanFactory.initializeBean(AbstractAutowireCapableBeanFactory.java:1817) ~[spring-beans-7.0.7.jar:7.0.7]
	at org.springframework.beans.factory.support.AbstractAutowireCapableBeanFactory.doCreateBean(AbstractAutowireCapableBeanFactory.java:603) ~[spring-beans-7.0.7.jar:7.0.7]
	at org.springframework.beans.factory.support.AbstractAutowireCapableBeanFactory.createBean(AbstractAutowireCapableBeanFactory.java:525) ~[spring-beans-7.0.7.jar:7.0.7]
	at org.springframework.beans.factory.support.AbstractBeanFactory.lambda$doGetBean$0(AbstractBeanFactory.java:333) ~[spring-beans-7.0.7.jar:7.0.7]
	at org.springframework.beans.factory.support.DefaultSingletonBeanRegistry.getSingleton(DefaultSingletonBeanRegistry.java:371) ~[spring-beans-7.0.7.jar:7.0.7]
	at org.springframework.beans.factory.support.AbstractBeanFactory.doGetBean(AbstractBeanFactory.java:331) ~[spring-beans-7.0.7.jar:7.0.7]
	at org.springframework.beans.factory.support.AbstractBeanFactory.getBean(AbstractBeanFactory.java:196) ~[spring-beans-7.0.7.jar:7.0.7]
	at org.springframework.beans.factory.support.AbstractBeanFactory.doGetBean(AbstractBeanFactory.java:309) ~[spring-beans-7.0.7.jar:7.0.7]
	... 13 more
Caused by: org.flywaydb.core.internal.sqlscript.FlywaySqlScriptException: Failed to execute script 
-------------------------
SQL State  : 42501
Error Code : 0
Message    : ERRO: permissão negada para esquema public
  Posição: 14
Location   :  ()
Line       : 1
Statement  : Run Flyway with -X option to see the actual statement causing the problem

	at org.flywaydb.core.internal.sqlscript.DefaultSqlScriptExecutor.handleException(DefaultSqlScriptExecutor.java:255) ~[flyway-core-11.14.1.jar:?]
	at org.flywaydb.core.internal.sqlscript.DefaultSqlScriptExecutor.executeStatement(DefaultSqlScriptExecutor.java:216) ~[flyway-core-11.14.1.jar:?]
	at org.flywaydb.core.internal.sqlscript.DefaultSqlScriptExecutor.execute(DefaultSqlScriptExecutor.java:136) ~[flyway-core-11.14.1.jar:?]
	at org.flywaydb.core.internal.schemahistory.JdbcTableSchemaHistory$1$1.call(JdbcTableSchemaHistory.java:123) ~[flyway-core-11.14.1.jar:?]
	at org.flywaydb.core.internal.jdbc.TransactionalExecutionTemplate.execute(TransactionalExecutionTemplate.java:59) ~[flyway-core-11.14.1.jar:?]
	at org.flywaydb.core.internal.schemahistory.JdbcTableSchemaHistory$1.call(JdbcTableSchemaHistory.java:119) ~[flyway-core-11.14.1.jar:?]
	at org.flywaydb.database.postgresql.PostgreSQLAdvisoryLockTemplate.execute(PostgreSQLAdvisoryLockTemplate.java:77) ~[flyway-database-postgresql-11.14.1.jar:?]
	at org.flywaydb.database.postgresql.PostgreSQLAdvisoryLockTemplate.lambda$execute$0(PostgreSQLAdvisoryLockTemplate.java:60) ~[flyway-database-postgresql-11.14.1.jar:?]
	at org.flywaydb.core.internal.jdbc.TransactionalExecutionTemplate.execute(TransactionalExecutionTemplate.java:59) ~[flyway-core-11.14.1.jar:?]
	at org.flywaydb.database.postgresql.PostgreSQLAdvisoryLockTemplate.execute(PostgreSQLAdvisoryLockTemplate.java:60) ~[flyway-database-postgresql-11.14.1.jar:?]
	at org.flywaydb.database.postgresql.PostgreSQLConnection.lock(PostgreSQLConnection.java:105) ~[flyway-database-postgresql-11.14.1.jar:?]
	at org.flywaydb.core.internal.schemahistory.JdbcTableSchemaHistory.create(JdbcTableSchemaHistory.java:109) ~[flyway-core-11.14.1.jar:?]
	at org.flywaydb.core.Flyway.lambda$migrate$3(Flyway.java:242) ~[flyway-core-11.14.1.jar:?]
	at org.flywaydb.core.FlywayExecutor.execute(FlywayExecutor.java:240) ~[flyway-core-11.14.1.jar:?]
	at org.flywaydb.core.Flyway.migrate(Flyway.java:186) ~[flyway-core-11.14.1.jar:?]
	at org.springframework.boot.flyway.autoconfigure.FlywayMigrationInitializer.afterPropertiesSet(FlywayMigrationInitializer.java:67) ~[spring-boot-flyway-4.0.6.jar:4.0.6]
	at org.springframework.beans.factory.support.AbstractAutowireCapableBeanFactory.invokeInitMethods(AbstractAutowireCapableBeanFactory.java:1864) ~[spring-beans-7.0.7.jar:7.0.7]
	at org.springframework.beans.factory.support.AbstractAutowireCapableBeanFactory.initializeBean(AbstractAutowireCapableBeanFactory.java:1813) ~[spring-beans-7.0.7.jar:7.0.7]
	... 20 more
Caused by: org.postgresql.util.PSQLException: ERRO: permissão negada para esquema public
  Posição: 14
	at org.postgresql.core.v3.QueryExecutorImpl.receiveErrorResponse(QueryExecutorImpl.java:2875) ~[postgresql-42.7.10.jar:42.7.10]
	at org.postgresql.core.v3.QueryExecutorImpl.processResults(QueryExecutorImpl.java:2560) ~[postgresql-42.7.10.jar:42.7.10]
	at org.postgresql.core.v3.QueryExecutorImpl.execute(QueryExecutorImpl.java:429) ~[postgresql-42.7.10.jar:42.7.10]
	at org.postgresql.jdbc.PgStatement.executeInternal(PgStatement.java:526) ~[postgresql-42.7.10.jar:42.7.10]
	at org.postgresql.jdbc.PgStatement.execute(PgStatement.java:436) ~[postgresql-42.7.10.jar:42.7.10]
	at org.postgresql.jdbc.PgStatement.executeWithFlags(PgStatement.java:358) ~[postgresql-42.7.10.jar:42.7.10]
	at org.postgresql.jdbc.PgStatement.executeCachedSql(PgStatement.java:343) ~[postgresql-42.7.10.jar:42.7.10]
	at org.postgresql.jdbc.PgStatement.executeWithFlags(PgStatement.java:319) ~[postgresql-42.7.10.jar:42.7.10]
	at org.postgresql.jdbc.PgStatement.execute(PgStatement.java:314) ~[postgresql-42.7.10.jar:42.7.10]
	at com.zaxxer.hikari.pool.ProxyStatement.execute(ProxyStatement.java:95) ~[HikariCP-7.0.2.jar:?]
	at com.zaxxer.hikari.pool.HikariProxyStatement.execute(HikariProxyStatement.java) ~[HikariCP-7.0.2.jar:?]
	at org.flywaydb.core.internal.jdbc.JdbcTemplate.executeStatement(JdbcTemplate.java:215) ~[flyway-core-11.14.1.jar:?]
	at org.flywaydb.core.internal.sqlscript.ParsedSqlStatement.execute(ParsedSqlStatement.java:88) ~[flyway-core-11.14.1.jar:?]
	at org.flywaydb.core.internal.sqlscript.DefaultSqlScriptExecutor.executeStatement(DefaultSqlScriptExecutor.java:211) ~[flyway-core-11.14.1.jar:?]
	... 36 more

2026-05-15T08:23:11.457-03:00  INFO 42642 --- [lance_bovino] [restartedMain] c.e.l.LanceBovinoApplication             : Starting LanceBovinoApplication using Java 25.0.2 with PID 42642 (/home/miguelm/Documentos/lance bovino/lance_bovino/lance_bovino/target/classes started by miguelm in /home/miguelm/Documentos/lance bovino/lance_bovino/lance_bovino)
2026-05-15T08:23:11.463-03:00  INFO 42642 --- [lance_bovino] [restartedMain] c.e.l.LanceBovinoApplication             : The following 1 profile is active: "dev"
2026-05-15T08:23:11.633-03:00  INFO 42642 --- [lance_bovino] [restartedMain] .e.DevToolsPropertyDefaultsPostProcessor : Devtools property defaults active! Set 'spring.devtools.add-properties' to 'false' to disable
2026-05-15T08:23:11.633-03:00  INFO 42642 --- [lance_bovino] [restartedMain] .e.DevToolsPropertyDefaultsPostProcessor : For additional web related logging consider setting the 'logging.level.web' property to 'DEBUG'
2026-05-15T08:23:12.145-03:00  INFO 42642 --- [lance_bovino] [restartedMain] .s.d.r.c.RepositoryConfigurationDelegate : Bootstrapping Spring Data JPA repositories in DEFAULT mode.
2026-05-15T08:23:12.169-03:00  INFO 42642 --- [lance_bovino] [restartedMain] .s.d.r.c.RepositoryConfigurationDelegate : Finished Spring Data repository scanning in 16 ms. Found 0 JPA repository interfaces.
2026-05-15T08:23:12.633-03:00  INFO 42642 --- [lance_bovino] [restartedMain] o.s.b.t.TomcatWebServer                  : Tomcat initialized with port 8080 (http)
2026-05-15T08:23:12.650-03:00  INFO 42642 --- [lance_bovino] [restartedMain] o.a.c.c.StandardService                  : Starting service [Tomcat]
2026-05-15T08:23:12.650-03:00  INFO 42642 --- [lance_bovino] [restartedMain] o.a.c.c.StandardEngine                   : Starting Servlet engine: [Apache Tomcat/11.0.21]
2026-05-15T08:23:12.690-03:00  INFO 42642 --- [lance_bovino] [restartedMain] b.w.c.s.WebApplicationContextInitializer : Root WebApplicationContext: initialization completed in 1057 ms
2026-05-15T08:23:13.001-03:00  INFO 42642 --- [lance_bovino] [restartedMain] c.z.h.HikariDataSource                   : HikariPool-1 - Starting...
2026-05-15T08:23:14.132-03:00  WARN 42642 --- [lance_bovino] [restartedMain] ConfigServletWebServerApplicationContext : Exception encountered during context initialization - cancelling refresh attempt: org.springframework.beans.factory.BeanCreationException: Error creating bean with name 'entityManagerFactory' defined in class path resource [org/springframework/boot/hibernate/autoconfigure/HibernateJpaConfiguration.class]: Failed to initialize dependency 'flywayInitializer' of LoadTimeWeaverAware bean 'entityManagerFactory': Error creating bean with name 'flywayInitializer' defined in class path resource [org/springframework/boot/flyway/autoconfigure/FlywayAutoConfiguration$FlywayConfiguration.class]: Unable to obtain connection from database: FATAL: banco de dados "lance_bovino" não existe
------------------------------------------------------------------------------------------
SQL State  : 3D000
Error Code : 0
Message    : FATAL: banco de dados "lance_bovino" não existe

2026-05-15T08:23:14.136-03:00  INFO 42642 --- [lance_bovino] [restartedMain] o.a.c.c.StandardService                  : Stopping service [Tomcat]
2026-05-15T08:23:14.144-03:00  INFO 42642 --- [lance_bovino] [restartedMain] .s.b.a.l.ConditionEvaluationReportLogger : 

Error starting ApplicationContext. To display the condition evaluation report re-run your application with 'debug' enabled.
2026-05-15T08:23:14.162-03:00 ERROR 42642 --- [lance_bovino] [restartedMain] o.s.b.SpringApplication                  : Application run failed

org.springframework.beans.factory.BeanCreationException: Error creating bean with name 'entityManagerFactory' defined in class path resource [org/springframework/boot/hibernate/autoconfigure/HibernateJpaConfiguration.class]: Failed to initialize dependency 'flywayInitializer' of LoadTimeWeaverAware bean 'entityManagerFactory': Error creating bean with name 'flywayInitializer' defined in class path resource [org/springframework/boot/flyway/autoconfigure/FlywayAutoConfiguration$FlywayConfiguration.class]: Unable to obtain connection from database: FATAL: banco de dados "lance_bovino" não existe
------------------------------------------------------------------------------------------
SQL State  : 3D000
Error Code : 0
Message    : FATAL: banco de dados "lance_bovino" não existe

	at org.springframework.beans.factory.support.AbstractBeanFactory.doGetBean(AbstractBeanFactory.java:322) ~[spring-beans-7.0.7.jar:7.0.7]
	at org.springframework.beans.factory.support.AbstractBeanFactory.getBean(AbstractBeanFactory.java:201) ~[spring-beans-7.0.7.jar:7.0.7]
	at org.springframework.context.support.AbstractApplicationContext.finishBeanFactoryInitialization(AbstractApplicationContext.java:977) ~[spring-context-7.0.7.jar:7.0.7]
	at org.springframework.context.support.AbstractApplicationContext.refresh(AbstractApplicationContext.java:621) ~[spring-context-7.0.7.jar:7.0.7]
	at org.springframework.boot.web.server.servlet.context.ServletWebServerApplicationContext.refresh(ServletWebServerApplicationContext.java:143) ~[spring-boot-web-server-4.0.6.jar:4.0.6]
	at org.springframework.boot.SpringApplication.refresh(SpringApplication.java:756) ~[spring-boot-4.0.6.jar:4.0.6]
	at org.springframework.boot.SpringApplication.refreshContext(SpringApplication.java:445) ~[spring-boot-4.0.6.jar:4.0.6]
	at org.springframework.boot.SpringApplication.run(SpringApplication.java:321) ~[spring-boot-4.0.6.jar:4.0.6]
	at org.springframework.boot.SpringApplication.run(SpringApplication.java:1365) ~[spring-boot-4.0.6.jar:4.0.6]
	at org.springframework.boot.SpringApplication.run(SpringApplication.java:1354) ~[spring-boot-4.0.6.jar:4.0.6]
	at com.example.lance_bovino.LanceBovinoApplication.main(LanceBovinoApplication.java:10) ~[classes/:?]
	at java.base/jdk.internal.reflect.DirectMethodHandleAccessor.invoke(DirectMethodHandleAccessor.java:104) ~[?:?]
	at java.base/java.lang.reflect.Method.invoke(Method.java:565) ~[?:?]
	at org.springframework.boot.devtools.restart.RestartLauncher.run(RestartLauncher.java:52) ~[spring-boot-devtools-4.0.6.jar:4.0.6]
Caused by: org.springframework.beans.factory.BeanCreationException: Error creating bean with name 'flywayInitializer' defined in class path resource [org/springframework/boot/flyway/autoconfigure/FlywayAutoConfiguration$FlywayConfiguration.class]: Unable to obtain connection from database: FATAL: banco de dados "lance_bovino" não existe
------------------------------------------------------------------------------------------
SQL State  : 3D000
Error Code : 0
Message    : FATAL: banco de dados "lance_bovino" não existe

	at org.springframework.beans.factory.support.AbstractAutowireCapableBeanFactory.initializeBean(AbstractAutowireCapableBeanFactory.java:1817) ~[spring-beans-7.0.7.jar:7.0.7]
	at org.springframework.beans.factory.support.AbstractAutowireCapableBeanFactory.doCreateBean(AbstractAutowireCapableBeanFactory.java:603) ~[spring-beans-7.0.7.jar:7.0.7]
	at org.springframework.beans.factory.support.AbstractAutowireCapableBeanFactory.createBean(AbstractAutowireCapableBeanFactory.java:525) ~[spring-beans-7.0.7.jar:7.0.7]
	at org.springframework.beans.factory.support.AbstractBeanFactory.lambda$doGetBean$0(AbstractBeanFactory.java:333) ~[spring-beans-7.0.7.jar:7.0.7]
	at org.springframework.beans.factory.support.DefaultSingletonBeanRegistry.getSingleton(DefaultSingletonBeanRegistry.java:371) ~[spring-beans-7.0.7.jar:7.0.7]
	at org.springframework.beans.factory.support.AbstractBeanFactory.doGetBean(AbstractBeanFactory.java:331) ~[spring-beans-7.0.7.jar:7.0.7]
	at org.springframework.beans.factory.support.AbstractBeanFactory.getBean(AbstractBeanFactory.java:196) ~[spring-beans-7.0.7.jar:7.0.7]
	at org.springframework.beans.factory.support.AbstractBeanFactory.doGetBean(AbstractBeanFactory.java:309) ~[spring-beans-7.0.7.jar:7.0.7]
	... 13 more
Caused by: org.flywaydb.core.internal.exception.sqlExceptions.FlywaySqlUnableToConnectToDbException: Unable to obtain connection from database: FATAL: banco de dados "lance_bovino" não existe
------------------------------------------------------------------------------------------
SQL State  : 3D000
Error Code : 0
Message    : FATAL: banco de dados "lance_bovino" não existe

	at org.flywaydb.core.internal.jdbc.JdbcUtils.openConnection(JdbcUtils.java:70) ~[flyway-core-11.14.1.jar:?]
	at org.flywaydb.core.internal.jdbc.JdbcConnectionFactory.<init>(JdbcConnectionFactory.java:76) ~[flyway-core-11.14.1.jar:?]
	at org.flywaydb.core.FlywayExecutor.execute(FlywayExecutor.java:142) ~[flyway-core-11.14.1.jar:?]
	at org.flywaydb.core.Flyway.migrate(Flyway.java:186) ~[flyway-core-11.14.1.jar:?]
	at org.springframework.boot.flyway.autoconfigure.FlywayMigrationInitializer.afterPropertiesSet(FlywayMigrationInitializer.java:67) ~[spring-boot-flyway-4.0.6.jar:4.0.6]
	at org.springframework.beans.factory.support.AbstractAutowireCapableBeanFactory.invokeInitMethods(AbstractAutowireCapableBeanFactory.java:1864) ~[spring-beans-7.0.7.jar:7.0.7]
	at org.springframework.beans.factory.support.AbstractAutowireCapableBeanFactory.initializeBean(AbstractAutowireCapableBeanFactory.java:1813) ~[spring-beans-7.0.7.jar:7.0.7]
	... 20 more
Caused by: org.postgresql.util.PSQLException: FATAL: banco de dados "lance_bovino" não existe
	at org.postgresql.core.v3.QueryExecutorImpl.receiveErrorResponse(QueryExecutorImpl.java:2875) ~[postgresql-42.7.10.jar:42.7.10]
	at org.postgresql.core.v3.QueryExecutorImpl.readStartupMessages(QueryExecutorImpl.java:3000) ~[postgresql-42.7.10.jar:42.7.10]
	at org.postgresql.core.v3.QueryExecutorImpl.<init>(QueryExecutorImpl.java:235) ~[postgresql-42.7.10.jar:42.7.10]
	at org.postgresql.core.v3.ConnectionFactoryImpl.openConnectionImpl(ConnectionFactoryImpl.java:344) ~[postgresql-42.7.10.jar:42.7.10]
	at org.postgresql.core.ConnectionFactory.openConnection(ConnectionFactory.java:57) ~[postgresql-42.7.10.jar:42.7.10]
	at org.postgresql.jdbc.PgConnection.<init>(PgConnection.java:290) ~[postgresql-42.7.10.jar:42.7.10]
	at org.postgresql.Driver.makeConnection(Driver.java:448) ~[postgresql-42.7.10.jar:42.7.10]
	at org.postgresql.Driver.connect(Driver.java:298) ~[postgresql-42.7.10.jar:42.7.10]
	at com.zaxxer.hikari.util.DriverDataSource.getConnection(DriverDataSource.java:144) ~[HikariCP-7.0.2.jar:?]
	at com.zaxxer.hikari.pool.PoolBase.newConnection(PoolBase.java:373) ~[HikariCP-7.0.2.jar:?]
	at com.zaxxer.hikari.pool.PoolBase.newPoolEntry(PoolBase.java:210) ~[HikariCP-7.0.2.jar:?]
	at com.zaxxer.hikari.pool.HikariPool.createPoolEntry(HikariPool.java:488) ~[HikariCP-7.0.2.jar:?]
	at com.zaxxer.hikari.pool.HikariPool.checkFailFast(HikariPool.java:576) ~[HikariCP-7.0.2.jar:?]
	at com.zaxxer.hikari.pool.HikariPool.<init>(HikariPool.java:97) ~[HikariCP-7.0.2.jar:?]
	at com.zaxxer.hikari.HikariDataSource.getConnection(HikariDataSource.java:111) ~[HikariCP-7.0.2.jar:?]
	at org.flywaydb.core.internal.jdbc.JdbcUtils.openConnection(JdbcUtils.java:65) ~[flyway-core-11.14.1.jar:?]
	... 26 more

2026-05-15T08:33:41.551-03:00  INFO 49755 --- [lance_bovino] [restartedMain] c.e.l.LanceBovinoApplication             : Starting LanceBovinoApplication using Java 25.0.2 with PID 49755 (/home/miguelm/Documentos/lance bovino/lance_bovino/lance_bovino/target/classes started by miguelm in /home/miguelm/Documentos/lance bovino/lance_bovino/lance_bovino)
2026-05-15T08:33:41.560-03:00  INFO 49755 --- [lance_bovino] [restartedMain] c.e.l.LanceBovinoApplication             : The following 1 profile is active: "dev"
2026-05-15T08:33:41.729-03:00  INFO 49755 --- [lance_bovino] [restartedMain] .e.DevToolsPropertyDefaultsPostProcessor : Devtools property defaults active! Set 'spring.devtools.add-properties' to 'false' to disable
2026-05-15T08:33:41.729-03:00  INFO 49755 --- [lance_bovino] [restartedMain] .e.DevToolsPropertyDefaultsPostProcessor : For additional web related logging consider setting the 'logging.level.web' property to 'DEBUG'
2026-05-15T08:33:42.208-03:00  INFO 49755 --- [lance_bovino] [restartedMain] .s.d.r.c.RepositoryConfigurationDelegate : Bootstrapping Spring Data JPA repositories in DEFAULT mode.
2026-05-15T08:33:42.237-03:00  INFO 49755 --- [lance_bovino] [restartedMain] .s.d.r.c.RepositoryConfigurationDelegate : Finished Spring Data repository scanning in 21 ms. Found 0 JPA repository interfaces.
2026-05-15T08:33:42.636-03:00  INFO 49755 --- [lance_bovino] [restartedMain] o.s.b.t.TomcatWebServer                  : Tomcat initialized with port 8080 (http)
2026-05-15T08:33:42.649-03:00  INFO 49755 --- [lance_bovino] [restartedMain] o.a.c.c.StandardService                  : Starting service [Tomcat]
2026-05-15T08:33:42.649-03:00  INFO 49755 --- [lance_bovino] [restartedMain] o.a.c.c.StandardEngine                   : Starting Servlet engine: [Apache Tomcat/11.0.21]
2026-05-15T08:33:42.677-03:00  INFO 49755 --- [lance_bovino] [restartedMain] b.w.c.s.WebApplicationContextInitializer : Root WebApplicationContext: initialization completed in 948 ms
2026-05-15T08:33:42.967-03:00  INFO 49755 --- [lance_bovino] [restartedMain] c.z.h.HikariDataSource                   : HikariPool-1 - Starting...
2026-05-15T08:33:43.095-03:00  INFO 49755 --- [lance_bovino] [restartedMain] c.z.h.p.HikariPool                       : HikariPool-1 - Added connection org.postgresql.jdbc.PgConnection@6a416e69
2026-05-15T08:33:43.096-03:00  INFO 49755 --- [lance_bovino] [restartedMain] c.z.h.HikariDataSource                   : HikariPool-1 - Start completed.
2026-05-15T08:33:43.114-03:00  INFO 49755 --- [lance_bovino] [restartedMain] o.f.c.FlywayExecutor                     : Database: jdbc:postgresql://localhost:5432/lance_bovino (PostgreSQL 18.3)
2026-05-15T08:33:43.141-03:00  INFO 49755 --- [lance_bovino] [restartedMain] o.f.c.i.s.JdbcTableSchemaHistory         : Schema history table "public"."flyway_schema_history" does not exist yet
2026-05-15T08:33:43.142-03:00  INFO 49755 --- [lance_bovino] [restartedMain] o.f.c.i.c.DbValidate                     : Successfully validated 0 migrations (execution time 00:00.006s)
2026-05-15T08:33:43.143-03:00  WARN 49755 --- [lance_bovino] [restartedMain] o.f.c.i.c.DbValidate                     : No migrations found. Are your locations set up correctly?
2026-05-15T08:33:43.155-03:00  INFO 49755 --- [lance_bovino] [restartedMain] o.f.c.i.s.JdbcTableSchemaHistory         : Creating Schema History table "public"."flyway_schema_history" ...
2026-05-15T08:33:52.277-03:00  WARN 49755 --- [lance_bovino] [restartedMain] ConfigServletWebServerApplicationContext : Exception encountered during context initialization - cancelling refresh attempt: org.springframework.beans.factory.BeanCreationException: Error creating bean with name 'entityManagerFactory' defined in class path resource [org/springframework/boot/hibernate/autoconfigure/HibernateJpaConfiguration.class]: Failed to initialize dependency 'flywayInitializer' of LoadTimeWeaverAware bean 'entityManagerFactory': Error creating bean with name 'flywayInitializer' defined in class path resource [org/springframework/boot/flyway/autoconfigure/FlywayAutoConfiguration$FlywayConfiguration.class]: Failed to execute script 
-------------------------
SQL State  : 42501
Error Code : 0
Message    : ERRO: permissão negada para esquema public
  Posição: 14
Location   :  ()
Line       : 1
Statement  : Run Flyway with -X option to see the actual statement causing the problem

2026-05-15T08:33:52.280-03:00  INFO 49755 --- [lance_bovino] [restartedMain] c.z.h.HikariDataSource                   : HikariPool-1 - Shutdown initiated...
2026-05-15T08:33:52.290-03:00  INFO 49755 --- [lance_bovino] [restartedMain] c.z.h.HikariDataSource                   : HikariPool-1 - Shutdown completed.
2026-05-15T08:33:52.296-03:00  INFO 49755 --- [lance_bovino] [restartedMain] o.a.c.c.StandardService                  : Stopping service [Tomcat]
2026-05-15T08:33:52.307-03:00  INFO 49755 --- [lance_bovino] [restartedMain] .s.b.a.l.ConditionEvaluationReportLogger : 

Error starting ApplicationContext. To display the condition evaluation report re-run your application with 'debug' enabled.
2026-05-15T08:33:52.320-03:00 ERROR 49755 --- [lance_bovino] [restartedMain] o.s.b.SpringApplication                  : Application run failed

org.springframework.beans.factory.BeanCreationException: Error creating bean with name 'entityManagerFactory' defined in class path resource [org/springframework/boot/hibernate/autoconfigure/HibernateJpaConfiguration.class]: Failed to initialize dependency 'flywayInitializer' of LoadTimeWeaverAware bean 'entityManagerFactory': Error creating bean with name 'flywayInitializer' defined in class path resource [org/springframework/boot/flyway/autoconfigure/FlywayAutoConfiguration$FlywayConfiguration.class]: Failed to execute script 
-------------------------
SQL State  : 42501
Error Code : 0
Message    : ERRO: permissão negada para esquema public
  Posição: 14
Location   :  ()
Line       : 1
Statement  : Run Flyway with -X option to see the actual statement causing the problem

	at org.springframework.beans.factory.support.AbstractBeanFactory.doGetBean(AbstractBeanFactory.java:322) ~[spring-beans-7.0.7.jar:7.0.7]
	at org.springframework.beans.factory.support.AbstractBeanFactory.getBean(AbstractBeanFactory.java:201) ~[spring-beans-7.0.7.jar:7.0.7]
	at org.springframework.context.support.AbstractApplicationContext.finishBeanFactoryInitialization(AbstractApplicationContext.java:977) ~[spring-context-7.0.7.jar:7.0.7]
	at org.springframework.context.support.AbstractApplicationContext.refresh(AbstractApplicationContext.java:621) ~[spring-context-7.0.7.jar:7.0.7]
	at org.springframework.boot.web.server.servlet.context.ServletWebServerApplicationContext.refresh(ServletWebServerApplicationContext.java:143) ~[spring-boot-web-server-4.0.6.jar:4.0.6]
	at org.springframework.boot.SpringApplication.refresh(SpringApplication.java:756) ~[spring-boot-4.0.6.jar:4.0.6]
	at org.springframework.boot.SpringApplication.refreshContext(SpringApplication.java:445) ~[spring-boot-4.0.6.jar:4.0.6]
	at org.springframework.boot.SpringApplication.run(SpringApplication.java:321) ~[spring-boot-4.0.6.jar:4.0.6]
	at org.springframework.boot.SpringApplication.run(SpringApplication.java:1365) ~[spring-boot-4.0.6.jar:4.0.6]
	at org.springframework.boot.SpringApplication.run(SpringApplication.java:1354) ~[spring-boot-4.0.6.jar:4.0.6]
	at com.example.lance_bovino.LanceBovinoApplication.main(LanceBovinoApplication.java:10) ~[classes/:?]
	at java.base/jdk.internal.reflect.DirectMethodHandleAccessor.invoke(DirectMethodHandleAccessor.java:104) ~[?:?]
	at java.base/java.lang.reflect.Method.invoke(Method.java:565) ~[?:?]
	at org.springframework.boot.devtools.restart.RestartLauncher.run(RestartLauncher.java:52) ~[spring-boot-devtools-4.0.6.jar:4.0.6]
Caused by: org.springframework.beans.factory.BeanCreationException: Error creating bean with name 'flywayInitializer' defined in class path resource [org/springframework/boot/flyway/autoconfigure/FlywayAutoConfiguration$FlywayConfiguration.class]: Failed to execute script 
-------------------------
SQL State  : 42501
Error Code : 0
Message    : ERRO: permissão negada para esquema public
  Posição: 14
Location   :  ()
Line       : 1
Statement  : Run Flyway with -X option to see the actual statement causing the problem

	at org.springframework.beans.factory.support.AbstractAutowireCapableBeanFactory.initializeBean(AbstractAutowireCapableBeanFactory.java:1817) ~[spring-beans-7.0.7.jar:7.0.7]
	at org.springframework.beans.factory.support.AbstractAutowireCapableBeanFactory.doCreateBean(AbstractAutowireCapableBeanFactory.java:603) ~[spring-beans-7.0.7.jar:7.0.7]
	at org.springframework.beans.factory.support.AbstractAutowireCapableBeanFactory.createBean(AbstractAutowireCapableBeanFactory.java:525) ~[spring-beans-7.0.7.jar:7.0.7]
	at org.springframework.beans.factory.support.AbstractBeanFactory.lambda$doGetBean$0(AbstractBeanFactory.java:333) ~[spring-beans-7.0.7.jar:7.0.7]
	at org.springframework.beans.factory.support.DefaultSingletonBeanRegistry.getSingleton(DefaultSingletonBeanRegistry.java:371) ~[spring-beans-7.0.7.jar:7.0.7]
	at org.springframework.beans.factory.support.AbstractBeanFactory.doGetBean(AbstractBeanFactory.java:331) ~[spring-beans-7.0.7.jar:7.0.7]
	at org.springframework.beans.factory.support.AbstractBeanFactory.getBean(AbstractBeanFactory.java:196) ~[spring-beans-7.0.7.jar:7.0.7]
	at org.springframework.beans.factory.support.AbstractBeanFactory.doGetBean(AbstractBeanFactory.java:309) ~[spring-beans-7.0.7.jar:7.0.7]
	... 13 more
Caused by: org.flywaydb.core.internal.sqlscript.FlywaySqlScriptException: Failed to execute script 
-------------------------
SQL State  : 42501
Error Code : 0
Message    : ERRO: permissão negada para esquema public
  Posição: 14
Location   :  ()
Line       : 1
Statement  : Run Flyway with -X option to see the actual statement causing the problem

	at org.flywaydb.core.internal.sqlscript.DefaultSqlScriptExecutor.handleException(DefaultSqlScriptExecutor.java:255) ~[flyway-core-11.14.1.jar:?]
	at org.flywaydb.core.internal.sqlscript.DefaultSqlScriptExecutor.executeStatement(DefaultSqlScriptExecutor.java:216) ~[flyway-core-11.14.1.jar:?]
	at org.flywaydb.core.internal.sqlscript.DefaultSqlScriptExecutor.execute(DefaultSqlScriptExecutor.java:136) ~[flyway-core-11.14.1.jar:?]
	at org.flywaydb.core.internal.schemahistory.JdbcTableSchemaHistory$1$1.call(JdbcTableSchemaHistory.java:123) ~[flyway-core-11.14.1.jar:?]
	at org.flywaydb.core.internal.jdbc.TransactionalExecutionTemplate.execute(TransactionalExecutionTemplate.java:59) ~[flyway-core-11.14.1.jar:?]
	at org.flywaydb.core.internal.schemahistory.JdbcTableSchemaHistory$1.call(JdbcTableSchemaHistory.java:119) ~[flyway-core-11.14.1.jar:?]
	at org.flywaydb.database.postgresql.PostgreSQLAdvisoryLockTemplate.execute(PostgreSQLAdvisoryLockTemplate.java:77) ~[flyway-database-postgresql-11.14.1.jar:?]
	at org.flywaydb.database.postgresql.PostgreSQLAdvisoryLockTemplate.lambda$execute$0(PostgreSQLAdvisoryLockTemplate.java:60) ~[flyway-database-postgresql-11.14.1.jar:?]
	at org.flywaydb.core.internal.jdbc.TransactionalExecutionTemplate.execute(TransactionalExecutionTemplate.java:59) ~[flyway-core-11.14.1.jar:?]
	at org.flywaydb.database.postgresql.PostgreSQLAdvisoryLockTemplate.execute(PostgreSQLAdvisoryLockTemplate.java:60) ~[flyway-database-postgresql-11.14.1.jar:?]
	at org.flywaydb.database.postgresql.PostgreSQLConnection.lock(PostgreSQLConnection.java:105) ~[flyway-database-postgresql-11.14.1.jar:?]
	at org.flywaydb.core.internal.schemahistory.JdbcTableSchemaHistory.create(JdbcTableSchemaHistory.java:109) ~[flyway-core-11.14.1.jar:?]
	at org.flywaydb.core.Flyway.lambda$migrate$3(Flyway.java:242) ~[flyway-core-11.14.1.jar:?]
	at org.flywaydb.core.FlywayExecutor.execute(FlywayExecutor.java:240) ~[flyway-core-11.14.1.jar:?]
	at org.flywaydb.core.Flyway.migrate(Flyway.java:186) ~[flyway-core-11.14.1.jar:?]
	at org.springframework.boot.flyway.autoconfigure.FlywayMigrationInitializer.afterPropertiesSet(FlywayMigrationInitializer.java:67) ~[spring-boot-flyway-4.0.6.jar:4.0.6]
	at org.springframework.beans.factory.support.AbstractAutowireCapableBeanFactory.invokeInitMethods(AbstractAutowireCapableBeanFactory.java:1864) ~[spring-beans-7.0.7.jar:7.0.7]
	at org.springframework.beans.factory.support.AbstractAutowireCapableBeanFactory.initializeBean(AbstractAutowireCapableBeanFactory.java:1813) ~[spring-beans-7.0.7.jar:7.0.7]
	... 20 more
Caused by: org.postgresql.util.PSQLException: ERRO: permissão negada para esquema public
  Posição: 14
	at org.postgresql.core.v3.QueryExecutorImpl.receiveErrorResponse(QueryExecutorImpl.java:2875) ~[postgresql-42.7.10.jar:42.7.10]
	at org.postgresql.core.v3.QueryExecutorImpl.processResults(QueryExecutorImpl.java:2560) ~[postgresql-42.7.10.jar:42.7.10]
	at org.postgresql.core.v3.QueryExecutorImpl.execute(QueryExecutorImpl.java:429) ~[postgresql-42.7.10.jar:42.7.10]
	at org.postgresql.jdbc.PgStatement.executeInternal(PgStatement.java:526) ~[postgresql-42.7.10.jar:42.7.10]
	at org.postgresql.jdbc.PgStatement.execute(PgStatement.java:436) ~[postgresql-42.7.10.jar:42.7.10]
	at org.postgresql.jdbc.PgStatement.executeWithFlags(PgStatement.java:358) ~[postgresql-42.7.10.jar:42.7.10]
	at org.postgresql.jdbc.PgStatement.executeCachedSql(PgStatement.java:343) ~[postgresql-42.7.10.jar:42.7.10]
	at org.postgresql.jdbc.PgStatement.executeWithFlags(PgStatement.java:319) ~[postgresql-42.7.10.jar:42.7.10]
	at org.postgresql.jdbc.PgStatement.execute(PgStatement.java:314) ~[postgresql-42.7.10.jar:42.7.10]
	at com.zaxxer.hikari.pool.ProxyStatement.execute(ProxyStatement.java:95) ~[HikariCP-7.0.2.jar:?]
	at com.zaxxer.hikari.pool.HikariProxyStatement.execute(HikariProxyStatement.java) ~[HikariCP-7.0.2.jar:?]
	at org.flywaydb.core.internal.jdbc.JdbcTemplate.executeStatement(JdbcTemplate.java:215) ~[flyway-core-11.14.1.jar:?]
	at org.flywaydb.core.internal.sqlscript.ParsedSqlStatement.execute(ParsedSqlStatement.java:88) ~[flyway-core-11.14.1.jar:?]
	at org.flywaydb.core.internal.sqlscript.DefaultSqlScriptExecutor.executeStatement(DefaultSqlScriptExecutor.java:211) ~[flyway-core-11.14.1.jar:?]
	... 36 more

2026-05-15T08:35:43.262-03:00  INFO 51225 --- [lance_bovino] [restartedMain] c.e.l.LanceBovinoApplication             : Starting LanceBovinoApplication using Java 25.0.2 with PID 51225 (/home/miguelm/Documentos/lance bovino/lance_bovino/lance_bovino/target/classes started by miguelm in /home/miguelm/Documentos/lance bovino/lance_bovino/lance_bovino)
2026-05-15T08:35:43.273-03:00  INFO 51225 --- [lance_bovino] [restartedMain] c.e.l.LanceBovinoApplication             : The following 1 profile is active: "dev"
2026-05-15T08:35:43.442-03:00  INFO 51225 --- [lance_bovino] [restartedMain] .e.DevToolsPropertyDefaultsPostProcessor : Devtools property defaults active! Set 'spring.devtools.add-properties' to 'false' to disable
2026-05-15T08:35:43.442-03:00  INFO 51225 --- [lance_bovino] [restartedMain] .e.DevToolsPropertyDefaultsPostProcessor : For additional web related logging consider setting the 'logging.level.web' property to 'DEBUG'
2026-05-15T08:35:43.953-03:00  INFO 51225 --- [lance_bovino] [restartedMain] .s.d.r.c.RepositoryConfigurationDelegate : Bootstrapping Spring Data JPA repositories in DEFAULT mode.
2026-05-15T08:35:43.985-03:00  INFO 51225 --- [lance_bovino] [restartedMain] .s.d.r.c.RepositoryConfigurationDelegate : Finished Spring Data repository scanning in 21 ms. Found 0 JPA repository interfaces.
2026-05-15T08:35:44.387-03:00  INFO 51225 --- [lance_bovino] [restartedMain] o.s.b.t.TomcatWebServer                  : Tomcat initialized with port 8080 (http)
2026-05-15T08:35:44.400-03:00  INFO 51225 --- [lance_bovino] [restartedMain] o.a.c.c.StandardService                  : Starting service [Tomcat]
2026-05-15T08:35:44.400-03:00  INFO 51225 --- [lance_bovino] [restartedMain] o.a.c.c.StandardEngine                   : Starting Servlet engine: [Apache Tomcat/11.0.21]
2026-05-15T08:35:44.436-03:00  INFO 51225 --- [lance_bovino] [restartedMain] b.w.c.s.WebApplicationContextInitializer : Root WebApplicationContext: initialization completed in 993 ms
2026-05-15T08:35:44.707-03:00  INFO 51225 --- [lance_bovino] [restartedMain] c.z.h.HikariDataSource                   : HikariPool-1 - Starting...
2026-05-15T08:35:44.832-03:00  INFO 51225 --- [lance_bovino] [restartedMain] c.z.h.p.HikariPool                       : HikariPool-1 - Added connection org.postgresql.jdbc.PgConnection@1c7149b
2026-05-15T08:35:44.833-03:00  INFO 51225 --- [lance_bovino] [restartedMain] c.z.h.HikariDataSource                   : HikariPool-1 - Start completed.
2026-05-15T08:35:44.861-03:00  INFO 51225 --- [lance_bovino] [restartedMain] o.f.c.FlywayExecutor                     : Database: jdbc:postgresql://localhost:5432/lance_bovino (PostgreSQL 18.3)
2026-05-15T08:35:44.893-03:00  INFO 51225 --- [lance_bovino] [restartedMain] o.f.c.i.s.JdbcTableSchemaHistory         : Schema history table "public"."flyway_schema_history" does not exist yet
2026-05-15T08:35:44.895-03:00  INFO 51225 --- [lance_bovino] [restartedMain] o.f.c.i.c.DbValidate                     : Successfully validated 0 migrations (execution time 00:00.006s)
2026-05-15T08:35:44.895-03:00  WARN 51225 --- [lance_bovino] [restartedMain] o.f.c.i.c.DbValidate                     : No migrations found. Are your locations set up correctly?
2026-05-15T08:35:44.908-03:00  INFO 51225 --- [lance_bovino] [restartedMain] o.f.c.i.s.JdbcTableSchemaHistory         : Creating Schema History table "public"."flyway_schema_history" ...
2026-05-15T08:35:44.982-03:00  INFO 51225 --- [lance_bovino] [restartedMain] o.f.c.i.c.DbMigrate                      : Current version of schema "public": << Empty Schema >>
2026-05-15T08:35:44.985-03:00  INFO 51225 --- [lance_bovino] [restartedMain] o.f.c.i.c.DbMigrate                      : Schema "public" is up to date. No migration necessary.
2026-05-15T08:35:45.426-03:00  INFO 51225 --- [lance_bovino] [restartedMain] o.s.o.j.p.SpringPersistenceUnitInfo      : No LoadTimeWeaver setup: ignoring JPA class transformer
2026-05-15T08:35:45.725-03:00  INFO 51225 --- [lance_bovino] [restartedMain] j.LocalContainerEntityManagerFactoryBean : Initialized JPA EntityManagerFactory for persistence unit 'default'
2026-05-15T08:35:45.955-03:00  WARN 51225 --- [lance_bovino] [restartedMain] ion$DefaultTemplateResolverConfiguration : Cannot find template location: classpath:/templates/ (please add some templates, check your Thymeleaf configuration, or set spring.thymeleaf.check-template-location=false)
2026-05-15T08:35:46.134-03:00  INFO 51225 --- [lance_bovino] [restartedMain] o.s.b.t.TomcatWebServer                  : Tomcat started on port 8080 (http) with context path '/'
2026-05-15T08:35:46.142-03:00  INFO 51225 --- [lance_bovino] [restartedMain] c.e.l.LanceBovinoApplication             : Started LanceBovinoApplication in 3.349 seconds (process running for 3.985)
2026-05-15T08:37:32.986-03:00  INFO 51225 --- [lance_bovino] [File Watcher] rtingClassPathChangeChangedEventListener : Restarting due to 2 class path changes (1 addition, 1 deletion, 0 modifications)
2026-05-15T08:37:32.996-03:00  INFO 51225 --- [lance_bovino] [Thread-1] o.s.b.t.GracefulShutdown                 : Commencing graceful shutdown. Waiting for active requests to complete
2026-05-15T08:37:33.002-03:00  INFO 51225 --- [lance_bovino] [tomcat-shutdown] o.s.b.t.GracefulShutdown                 : Graceful shutdown complete
2026-05-15T08:37:33.011-03:00  INFO 51225 --- [lance_bovino] [Thread-1] j.LocalContainerEntityManagerFactoryBean : Closing JPA EntityManagerFactory for persistence unit 'default'
2026-05-15T08:37:33.018-03:00  INFO 51225 --- [lance_bovino] [Thread-1] c.z.h.HikariDataSource                   : HikariPool-1 - Shutdown initiated...
2026-05-15T08:37:33.024-03:00  INFO 51225 --- [lance_bovino] [Thread-1] c.z.h.HikariDataSource                   : HikariPool-1 - Shutdown completed.
2026-05-15T08:37:33.123-03:00  INFO 51225 --- [lance_bovino] [restartedMain] c.e.l.LanceBovinoApplication             : Starting LanceBovinoApplication using Java 25.0.2 with PID 51225 (/home/miguelm/Documentos/lance bovino/lance_bovino/lance_bovino/target/classes started by miguelm in /home/miguelm/Documentos/lance bovino/lance_bovino/lance_bovino)
2026-05-15T08:37:33.123-03:00  INFO 51225 --- [lance_bovino] [restartedMain] c.e.l.LanceBovinoApplication             : The following 1 profile is active: "dev"
2026-05-15T08:37:33.288-03:00  INFO 51225 --- [lance_bovino] [restartedMain] .s.d.r.c.RepositoryConfigurationDelegate : Bootstrapping Spring Data JPA repositories in DEFAULT mode.
2026-05-15T08:37:33.291-03:00  INFO 51225 --- [lance_bovino] [restartedMain] .s.d.r.c.RepositoryConfigurationDelegate : Finished Spring Data repository scanning in 1 ms. Found 0 JPA repository interfaces.
2026-05-15T08:37:33.378-03:00  INFO 51225 --- [lance_bovino] [restartedMain] o.s.b.t.TomcatWebServer                  : Tomcat initialized with port 8080 (http)
2026-05-15T08:37:33.380-03:00  INFO 51225 --- [lance_bovino] [restartedMain] o.a.c.c.StandardService                  : Starting service [Tomcat]
2026-05-15T08:37:33.380-03:00  INFO 51225 --- [lance_bovino] [restartedMain] o.a.c.c.StandardEngine                   : Starting Servlet engine: [Apache Tomcat/11.0.21]
2026-05-15T08:37:33.388-03:00  INFO 51225 --- [lance_bovino] [restartedMain] b.w.c.s.WebApplicationContextInitializer : Root WebApplicationContext: initialization completed in 262 ms
2026-05-15T08:37:33.437-03:00  INFO 51225 --- [lance_bovino] [restartedMain] c.z.h.HikariDataSource                   : HikariPool-2 - Starting...
2026-05-15T08:37:33.448-03:00  INFO 51225 --- [lance_bovino] [restartedMain] c.z.h.p.HikariPool                       : HikariPool-2 - Added connection org.postgresql.jdbc.PgConnection@298ab5a0
2026-05-15T08:37:33.448-03:00  INFO 51225 --- [lance_bovino] [restartedMain] c.z.h.HikariDataSource                   : HikariPool-2 - Start completed.
2026-05-15T08:37:33.450-03:00  INFO 51225 --- [lance_bovino] [restartedMain] o.f.c.FlywayExecutor                     : Database: jdbc:postgresql://localhost:5432/lance_bovino (PostgreSQL 18.3)
2026-05-15T08:37:33.462-03:00  INFO 51225 --- [lance_bovino] [restartedMain] o.f.c.i.c.DbValidate                     : Successfully validated 0 migrations (execution time 00:00.004s)
2026-05-15T08:37:33.463-03:00  WARN 51225 --- [lance_bovino] [restartedMain] o.f.c.i.c.DbValidate                     : No migrations found. Are your locations set up correctly?
2026-05-15T08:37:33.482-03:00  INFO 51225 --- [lance_bovino] [restartedMain] o.f.c.i.c.DbMigrate                      : Current version of schema "public": << Empty Schema >>
2026-05-15T08:37:33.482-03:00  INFO 51225 --- [lance_bovino] [restartedMain] o.f.c.i.c.DbMigrate                      : Schema "public" is up to date. No migration necessary.
2026-05-15T08:37:33.523-03:00  INFO 51225 --- [lance_bovino] [restartedMain] o.s.o.j.p.SpringPersistenceUnitInfo      : No LoadTimeWeaver setup: ignoring JPA class transformer
2026-05-15T08:37:33.547-03:00  INFO 51225 --- [lance_bovino] [restartedMain] j.LocalContainerEntityManagerFactoryBean : Initialized JPA EntityManagerFactory for persistence unit 'default'
2026-05-15T08:37:33.618-03:00  WARN 51225 --- [lance_bovino] [restartedMain] ion$DefaultTemplateResolverConfiguration : Cannot find template location: classpath:/templates/ (please add some templates, check your Thymeleaf configuration, or set spring.thymeleaf.check-template-location=false)
2026-05-15T08:37:33.658-03:00  INFO 51225 --- [lance_bovino] [restartedMain] o.s.b.t.TomcatWebServer                  : Tomcat started on port 8080 (http) with context path '/'
2026-05-15T08:37:33.660-03:00  INFO 51225 --- [lance_bovino] [restartedMain] c.e.l.LanceBovinoApplication             : Started LanceBovinoApplication in 0.584 seconds (process running for 111.504)
2026-05-15T08:37:33.662-03:00  INFO 51225 --- [lance_bovino] [restartedMain] .ConditionEvaluationDeltaLoggingListener : Condition evaluation unchanged
2026-05-15T08:37:50.061-03:00  INFO 51225 --- [lance_bovino] [File Watcher] rtingClassPathChangeChangedEventListener : Restarting due to 7 class path changes (1 addition, 1 deletion, 5 modifications)
2026-05-15T08:37:50.063-03:00  INFO 51225 --- [lance_bovino] [Thread-5] o.s.b.t.GracefulShutdown                 : Commencing graceful shutdown. Waiting for active requests to complete
2026-05-15T08:37:50.065-03:00  INFO 51225 --- [lance_bovino] [tomcat-shutdown] o.s.b.t.GracefulShutdown                 : Graceful shutdown complete
2026-05-15T08:37:50.071-03:00  INFO 51225 --- [lance_bovino] [Thread-5] j.LocalContainerEntityManagerFactoryBean : Closing JPA EntityManagerFactory for persistence unit 'default'
2026-05-15T08:37:50.073-03:00  INFO 51225 --- [lance_bovino] [Thread-5] c.z.h.HikariDataSource                   : HikariPool-2 - Shutdown initiated...
2026-05-15T08:37:50.078-03:00  INFO 51225 --- [lance_bovino] [Thread-5] c.z.h.HikariDataSource                   : HikariPool-2 - Shutdown completed.
2026-05-15T08:37:50.182-03:00  INFO 51225 --- [lance_bovino] [restartedMain] c.e.l.LanceBovinoApplication             : Starting LanceBovinoApplication using Java 25.0.2 with PID 51225 (/home/miguelm/Documentos/lance bovino/lance_bovino/lance_bovino/target/classes started by miguelm in /home/miguelm/Documentos/lance bovino/lance_bovino/lance_bovino)
2026-05-15T08:37:50.183-03:00  INFO 51225 --- [lance_bovino] [restartedMain] c.e.l.LanceBovinoApplication             : The following 1 profile is active: "dev"
2026-05-15T08:37:50.294-03:00  INFO 51225 --- [lance_bovino] [restartedMain] .s.d.r.c.RepositoryConfigurationDelegate : Bootstrapping Spring Data JPA repositories in DEFAULT mode.
2026-05-15T08:37:50.297-03:00  INFO 51225 --- [lance_bovino] [restartedMain] .s.d.r.c.RepositoryConfigurationDelegate : Finished Spring Data repository scanning in 1 ms. Found 0 JPA repository interfaces.
2026-05-15T08:37:50.358-03:00  INFO 51225 --- [lance_bovino] [restartedMain] o.s.b.t.TomcatWebServer                  : Tomcat initialized with port 8080 (http)
2026-05-15T08:37:50.359-03:00  INFO 51225 --- [lance_bovino] [restartedMain] o.a.c.c.StandardService                  : Starting service [Tomcat]
2026-05-15T08:37:50.359-03:00  INFO 51225 --- [lance_bovino] [restartedMain] o.a.c.c.StandardEngine                   : Starting Servlet engine: [Apache Tomcat/11.0.21]
2026-05-15T08:37:50.368-03:00  INFO 51225 --- [lance_bovino] [restartedMain] b.w.c.s.WebApplicationContextInitializer : Root WebApplicationContext: initialization completed in 183 ms
2026-05-15T08:37:50.407-03:00  INFO 51225 --- [lance_bovino] [restartedMain] c.z.h.HikariDataSource                   : HikariPool-3 - Starting...
2026-05-15T08:37:50.423-03:00  INFO 51225 --- [lance_bovino] [restartedMain] c.z.h.p.HikariPool                       : HikariPool-3 - Added connection org.postgresql.jdbc.PgConnection@5f03aa21
2026-05-15T08:37:50.423-03:00  INFO 51225 --- [lance_bovino] [restartedMain] c.z.h.HikariDataSource                   : HikariPool-3 - Start completed.
2026-05-15T08:37:50.424-03:00  INFO 51225 --- [lance_bovino] [restartedMain] o.f.c.FlywayExecutor                     : Database: jdbc:postgresql://localhost:5432/lance_bovino (PostgreSQL 18.3)
2026-05-15T08:37:50.433-03:00  INFO 51225 --- [lance_bovino] [restartedMain] o.f.c.i.c.DbValidate                     : Successfully validated 0 migrations (execution time 00:00.001s)
2026-05-15T08:37:50.433-03:00  WARN 51225 --- [lance_bovino] [restartedMain] o.f.c.i.c.DbValidate                     : No migrations found. Are your locations set up correctly?
2026-05-15T08:37:50.452-03:00  INFO 51225 --- [lance_bovino] [restartedMain] o.f.c.i.c.DbMigrate                      : Current version of schema "public": << Empty Schema >>
2026-05-15T08:37:50.453-03:00  INFO 51225 --- [lance_bovino] [restartedMain] o.f.c.i.c.DbMigrate                      : Schema "public" is up to date. No migration necessary.
2026-05-15T08:37:50.493-03:00  INFO 51225 --- [lance_bovino] [restartedMain] o.s.o.j.p.SpringPersistenceUnitInfo      : No LoadTimeWeaver setup: ignoring JPA class transformer
2026-05-15T08:37:50.515-03:00  INFO 51225 --- [lance_bovino] [restartedMain] j.LocalContainerEntityManagerFactoryBean : Initialized JPA EntityManagerFactory for persistence unit 'default'
2026-05-15T08:37:50.572-03:00  WARN 51225 --- [lance_bovino] [restartedMain] ion$DefaultTemplateResolverConfiguration : Cannot find template location: classpath:/templates/ (please add some templates, check your Thymeleaf configuration, or set spring.thymeleaf.check-template-location=false)
2026-05-15T08:37:50.612-03:00  INFO 51225 --- [lance_bovino] [restartedMain] o.s.b.t.TomcatWebServer                  : Tomcat started on port 8080 (http) with context path '/'
2026-05-15T08:37:50.614-03:00  INFO 51225 --- [lance_bovino] [restartedMain] c.e.l.LanceBovinoApplication             : Started LanceBovinoApplication in 0.471 seconds (process running for 128.457)
2026-05-15T08:37:50.615-03:00  INFO 51225 --- [lance_bovino] [restartedMain] .ConditionEvaluationDeltaLoggingListener : Condition evaluation unchanged
2026-05-15T08:38:58.050-03:00  INFO 51225 --- [lance_bovino] [File Watcher] rtingClassPathChangeChangedEventListener : Restarting due to 1 class path change (0 additions, 0 deletions, 1 modification)
2026-05-15T08:38:58.052-03:00  INFO 51225 --- [lance_bovino] [Thread-9] o.s.b.t.GracefulShutdown                 : Commencing graceful shutdown. Waiting for active requests to complete
2026-05-15T08:38:58.054-03:00  INFO 51225 --- [lance_bovino] [tomcat-shutdown] o.s.b.t.GracefulShutdown                 : Graceful shutdown complete
2026-05-15T08:38:58.060-03:00  INFO 51225 --- [lance_bovino] [Thread-9] j.LocalContainerEntityManagerFactoryBean : Closing JPA EntityManagerFactory for persistence unit 'default'
2026-05-15T08:38:58.062-03:00  INFO 51225 --- [lance_bovino] [Thread-9] c.z.h.HikariDataSource                   : HikariPool-3 - Shutdown initiated...
2026-05-15T08:38:58.067-03:00  INFO 51225 --- [lance_bovino] [Thread-9] c.z.h.HikariDataSource                   : HikariPool-3 - Shutdown completed.
2026-05-15T08:38:58.159-03:00  INFO 51225 --- [lance_bovino] [restartedMain] c.e.l.LanceBovinoApplication             : Starting LanceBovinoApplication using Java 25.0.2 with PID 51225 (/home/miguelm/Documentos/lance bovino/lance_bovino/lance_bovino/target/classes started by miguelm in /home/miguelm/Documentos/lance bovino/lance_bovino/lance_bovino)
2026-05-15T08:38:58.160-03:00  INFO 51225 --- [lance_bovino] [restartedMain] c.e.l.LanceBovinoApplication             : The following 1 profile is active: "dev"
2026-05-15T08:38:58.266-03:00  INFO 51225 --- [lance_bovino] [restartedMain] .s.d.r.c.RepositoryConfigurationDelegate : Bootstrapping Spring Data JPA repositories in DEFAULT mode.
2026-05-15T08:38:58.267-03:00  INFO 51225 --- [lance_bovino] [restartedMain] .s.d.r.c.RepositoryConfigurationDelegate : Finished Spring Data repository scanning in 0 ms. Found 0 JPA repository interfaces.
2026-05-15T08:38:58.325-03:00  INFO 51225 --- [lance_bovino] [restartedMain] o.s.b.t.TomcatWebServer                  : Tomcat initialized with port 8080 (http)
2026-05-15T08:38:58.326-03:00  INFO 51225 --- [lance_bovino] [restartedMain] o.a.c.c.StandardService                  : Starting service [Tomcat]
2026-05-15T08:38:58.326-03:00  INFO 51225 --- [lance_bovino] [restartedMain] o.a.c.c.StandardEngine                   : Starting Servlet engine: [Apache Tomcat/11.0.21]
2026-05-15T08:38:58.334-03:00  INFO 51225 --- [lance_bovino] [restartedMain] b.w.c.s.WebApplicationContextInitializer : Root WebApplicationContext: initialization completed in 171 ms
2026-05-15T08:38:58.376-03:00  INFO 51225 --- [lance_bovino] [restartedMain] c.z.h.HikariDataSource                   : HikariPool-4 - Starting...
2026-05-15T08:38:58.388-03:00  INFO 51225 --- [lance_bovino] [restartedMain] c.z.h.p.HikariPool                       : HikariPool-4 - Added connection org.postgresql.jdbc.PgConnection@76fdd5bd
2026-05-15T08:38:58.388-03:00  INFO 51225 --- [lance_bovino] [restartedMain] c.z.h.HikariDataSource                   : HikariPool-4 - Start completed.
2026-05-15T08:38:58.389-03:00  INFO 51225 --- [lance_bovino] [restartedMain] o.f.c.FlywayExecutor                     : Database: jdbc:postgresql://localhost:5432/lance_bovino (PostgreSQL 18.3)
2026-05-15T08:38:58.400-03:00  INFO 51225 --- [lance_bovino] [restartedMain] o.f.c.i.c.DbValidate                     : Successfully validated 0 migrations (execution time 00:00.005s)
2026-05-15T08:38:58.400-03:00  WARN 51225 --- [lance_bovino] [restartedMain] o.f.c.i.c.DbValidate                     : No migrations found. Are your locations set up correctly?
2026-05-15T08:38:58.419-03:00  INFO 51225 --- [lance_bovino] [restartedMain] o.f.c.i.c.DbMigrate                      : Current version of schema "public": << Empty Schema >>
2026-05-15T08:38:58.419-03:00  INFO 51225 --- [lance_bovino] [restartedMain] o.f.c.i.c.DbMigrate                      : Schema "public" is up to date. No migration necessary.
2026-05-15T08:38:58.441-03:00  INFO 51225 --- [lance_bovino] [restartedMain] o.s.o.j.p.SpringPersistenceUnitInfo      : No LoadTimeWeaver setup: ignoring JPA class transformer
2026-05-15T08:38:58.458-03:00  INFO 51225 --- [lance_bovino] [restartedMain] j.LocalContainerEntityManagerFactoryBean : Initialized JPA EntityManagerFactory for persistence unit 'default'
2026-05-15T08:38:58.502-03:00  WARN 51225 --- [lance_bovino] [restartedMain] ion$DefaultTemplateResolverConfiguration : Cannot find template location: classpath:/templates/ (please add some templates, check your Thymeleaf configuration, or set spring.thymeleaf.check-template-location=false)
2026-05-15T08:38:58.526-03:00  INFO 51225 --- [lance_bovino] [restartedMain] o.s.b.t.TomcatWebServer                  : Tomcat started on port 8080 (http) with context path '/'
2026-05-15T08:38:58.528-03:00  INFO 51225 --- [lance_bovino] [restartedMain] c.e.l.LanceBovinoApplication             : Started LanceBovinoApplication in 0.402 seconds (process running for 196.371)
2026-05-15T08:38:58.530-03:00  INFO 51225 --- [lance_bovino] [restartedMain] .ConditionEvaluationDeltaLoggingListener : Condition evaluation unchanged
2026-05-15T08:39:02.475-03:00  INFO 51225 --- [lance_bovino] [SpringApplicationShutdownHook] o.s.b.t.GracefulShutdown                 : Commencing graceful shutdown. Waiting for active requests to complete
2026-05-15T08:39:02.477-03:00  INFO 51225 --- [lance_bovino] [tomcat-shutdown] o.s.b.t.GracefulShutdown                 : Graceful shutdown complete
2026-05-15T08:39:02.481-03:00  INFO 51225 --- [lance_bovino] [SpringApplicationShutdownHook] j.LocalContainerEntityManagerFactoryBean : Closing JPA EntityManagerFactory for persistence unit 'default'
2026-05-15T08:39:02.482-03:00  INFO 51225 --- [lance_bovino] [SpringApplicationShutdownHook] c.z.h.HikariDataSource                   : HikariPool-4 - Shutdown initiated...
2026-05-15T08:39:02.484-03:00  INFO 51225 --- [lance_bovino] [SpringApplicationShutdownHook] c.z.h.HikariDataSource                   : HikariPool-4 - Shutdown completed.
